<?xml version="1.0" encoding="UTF-8"?>
<!-- Generated by org.testng.reporters.JUnitReportReporter -->
<testsuite hostname="MSI" failures="0" tests="1" name="Tests.FirstScript" time="1.127" errors="0" timestamp="2021-01-07T13:52:18 IST" skipped="0">
  <testcase classname="Tests.FirstScript" name="Rest1" time="1.127"/>
  <system-out/>
</testsuite> <!-- Tests.FirstScript -->
